<?xml version="1.0" encoding="UTF-8"?>
<testsuite xmlns:xsi="http://www.w3.org/2001/XMLSchema-instance" xsi:noNamespaceSchemaLocation="https://maven.apache.org/surefire/maven-surefire-plugin/xsd/surefire-test-report.xsd" name="com.jpmc.theater.service.TheaterManagementServiceTest" time="0.021" tests="18" errors="0" skipped="0" failures="0">
  <properties>
[...]
</properties>
  <testcase name="removeAllShowsForGivenMovie_happyPath" classname="com.jpmc.theater.service.TheaterManagementServiceTest" time="0.004"/>
  <testcase name="addNewShow_ConflictWithExistingShow_EndTimeConflict" classname="com.jpmc.theater.service.TheaterManagementServiceTest" time="0.001"/>
  <testcase name="addNewMovie_MovieAlreadyPresent" classname="com.jpmc.theater.service.TheaterManagementServiceTest" time="0.001"/>
  <testcase name="addNewScreen_happyPath" classname="com.jpmc.theater.service.TheaterManagementServiceTest" time="0"/>
  <testcase name="removeScreen_happyPath" classname="com.jpmc.theater.service.TheaterManagementServiceTest" time="0.001"/>
  <testcase name="addNewShow_UpdateSequenceAfterAdding" classname="com.jpmc.theater.service.TheaterManagementServiceTest" time="0.001"/>
  <testcase name="addNewShow_InvalidScreen_ThrowsException" classname="com.jpmc.theater.service.TheaterManagementServiceTest" time="0"/>
  <testcase name="removeMovie_happyPath" classname="com.jpmc.theater.service.TheaterManagementServiceTest" time="0"/>
  <testcase name="addNewShow_ConflictWithExistingShow_StartTimeConflict" classname="com.jpmc.theater.service.TheaterManagementServiceTest" time="0"/>
  <testcase name="addNewShow_happyPath" classname="com.jpmc.theater.service.TheaterManagementServiceTest" time="0"/>
  <testcase name="addNewMovie_happyPath" classname="com.jpmc.theater.service.TheaterManagementServiceTest" time="0"/>
  <testcase name="removeMovie_MovieNotPresent" classname="com.jpmc.theater.service.TheaterManagementServiceTest" time="0"/>
  <testcase name="getAllShowsForGivenScreen_SuccessfulRetrieval" classname="com.jpmc.theater.service.TheaterManagementServiceTest" time="0.001"/>
  <testcase name="getAllMovies_SuccessfulRetrieval" classname="com.jpmc.theater.service.TheaterManagementServiceTest" time="0.001"/>
  <testcase name="removeAllShowsForGivenMovieAndScreen_happyPath" classname="com.jpmc.theater.service.TheaterManagementServiceTest" time="0.001"/>
  <testcase name="removeScreen_ScreenNotPresent" classname="com.jpmc.theater.service.TheaterManagementServiceTest" time="0.001"/>
  <testcase name="addNewShow_InvalidMovie_ThrowsException" classname="com.jpmc.theater.service.TheaterManagementServiceTest" time="0.001"/>
  <testcase name="getAllShows_SuccessfulRetrieval" classname="com.jpmc.theater.service.TheaterManagementServiceTest" time="0"/>
</testsuite>